<?xml version="1.0" encoding="UTF-8"?>
<!-- Generated by org.testng.reporters.JUnitXMLReporter -->
<testsuite ignored="0" hostname="Mohanltop" failures="1" tests="2" name="Test" time="0.335" errors="0" timestamp="2023-07-19T22:07:00 IST">
  <testcase classname="org.restapi.restapitesting.AllureTest1" name="testMethod1" time="0.203">
    <failure type="java.lang.AssertionError">
      <![CDATA[java.lang.AssertionError
at org.junit.Assert.fail(Assert.java:86)
at org.junit.Assert.assertTrue(Assert.java:41)
at org.junit.Assert.assertTrue(Assert.java:52)
at org.restapi.restapitesting.AllureTest1.testMethod1(AllureTest1.java:10)
at java.base/java.util.ArrayList.forEach(ArrayList.java:1378)
... Removed 27 stack frames]]>
    </failure>
  </testcase> <!-- testMethod1 -->
  <testcase classname="org.restapi.restapitesting.AllureTest2" name="testMethod2" time="0.002"/>
</testsuite> <!-- Test -->
